<?xml version="1.0" encoding="UTF-8"?>
<!-- Generated by org.testng.reporters.JUnitReportReporter -->
<testsuite hostname="CPC-debas-HPLU6" failures="0" tests="1" name="xpathPageTest.SelectorsHubTest" time="0.358" errors="0" timestamp="2024-05-30T14:29:38 IST" skipped="0">
  <testcase classname="xpathPageTest.SelectorsHubTest" name="clickOnSVGElementTest" time="0.358"/>
</testsuite> <!-- xpathPageTest.SelectorsHubTest -->
